-------------------------------------------------------------------------------
Test set: com.app.ApplicationTests
-------------------------------------------------------------------------------
Tests run: 1, Failures: 0, Errors: 1, Skipped: 0, Time elapsed: 1.117 s <<< FAILURE! - in com.app.ApplicationTests
com.app.ApplicationTests  Time elapsed: 1.115 s  <<< ERROR!
java.lang.IllegalStateException: Unable to find a @SpringBootConfiguration, you need to use @ContextConfiguration or @SpringBootTest(classes=...) with your test

